<?xml version="1.0" encoding="UTF-8" ?>
<testsuite errors="0" failures="0" hostname="SUDHANSHU-UG1-2124" name="twitter.staff.SocialNetworkTestRunner" skipped="0" tests="14" time="0.372" timestamp="2016-11-14T11:35:52">
  <properties>
    <property name="java.vendor" value="Oracle Corporation" />
    <property name="sun.java.launcher" value="SUN_STANDARD" />
    <property name="sun.management.compiler" value="HotSpot 64-Bit Tiered Compilers" />
    <property name="build.sysclasspath" value="ignore" />
    <property name="os.name" value="Linux" />
    <property name="sun.boot.class.path" value="/usr/lib/jvm/java-8-oracle/jre/lib/resources.jar:/usr/lib/jvm/java-8-oracle/jre/lib/rt.jar:/usr/lib/jvm/java-8-oracle/jre/lib/sunrsasign.jar:/usr/lib/jvm/java-8-oracle/jre/lib/jsse.jar:/usr/lib/jvm/java-8-oracle/jre/lib/jce.jar:/usr/lib/jvm/java-8-oracle/jre/lib/charsets.jar:/usr/lib/jvm/java-8-oracle/jre/lib/jfr.jar:/usr/lib/jvm/java-8-oracle/jre/classes" />
    <property name="sun.desktop" value="gnome" />
    <property name="final.grading" value="true" />
    <property name="java.vm.specification.vendor" value="Oracle Corporation" />
    <property name="ant.home" value="/home/sacusa/.p2/pool/plugins/org.apache.ant_1.9.6.v201510161327" />
    <property name="java.runtime.version" value="1.8.0_111-b14" />
    <property name="user.name" value="sacusa" />
    <property name="ant.build.javac.target" value="1.8" />
    <property name="user.language" value="en" />
    <property name="sun.boot.library.path" value="/usr/lib/jvm/java-8-oracle/jre/lib/amd64" />
    <property name="grader.report.file" value="my-grader-report.xml" />
    <property name="ant.project.default-target" value="all" />
    <property name="java.version" value="1.8.0_111" />
    <property name="user.timezone" value="" />
    <property name="sun.arch.data.model" value="64" />
    <property name="java.endorsed.dirs" value="/usr/lib/jvm/java-8-oracle/jre/lib/endorsed" />
    <property name="sun.cpu.isalist" value="" />
    <property name="sun.jnu.encoding" value="UTF-8" />
    <property name="file.encoding.pkg" value="sun.io" />
    <property name="file.separator" value="/" />
    <property name="java.specification.name" value="Java Platform API Specification" />
    <property name="java.class.version" value="52.0" />
    <property name="user.country" value="IN" />
    <property name="java.home" value="/usr/lib/jvm/java-8-oracle/jre" />
    <property name="java.vm.info" value="mixed mode" />
    <property name="ant.file" value="/home/sacusa/programs/java/workspace/ps2-tweets/grader.xml" />
    <property name="os.version" value="4.8.0-27-generic" />
    <property name="final.grader.jar" value="ps2-final-grader.jar" />
    <property name="path.separator" value=":" />
    <property name="java.vm.version" value="25.111-b14" />
    <property name="ant.library.dir" value="/home/sacusa/.p2/pool/plugins/org.apache.ant_1.9.6.v201510161327/lib" />
    <property name="java.awt.printerjob" value="sun.print.PSPrinterJob" />
    <property name="sun.io.unicode.encoding" value="UnicodeLittle" />
    <property name="awt.toolkit" value="sun.awt.X11.XToolkit" />
    <property name="user.home" value="/home/sacusa" />
    <property name="java.specification.vendor" value="Oracle Corporation" />
    <property name="which.tests.ran" value="BETA + FINAL" />
    <property name="java.library.path" value="/usr/java/packages/lib/amd64:/usr/lib64:/lib64:/lib:/usr/lib" />
    <property name="java.vendor.url" value="http://java.oracle.com/" />
    <property name="java.vm.vendor" value="Oracle Corporation" />
    <property name="java.runtime.name" value="Java(TM) SE Runtime Environment" />
    <property name="beta.grader.jar" value="ps2-beta-grader.jar" />
    <property name="sun.java.command" value="org.apache.tools.ant.taskdefs.optional.junit.JUnitTestRunner twitter.staff.SocialNetworkTestRunner skipNonTests=false filtertrace=true haltOnError=false haltOnFailure=false showoutput=false outputtoformatters=true logfailedtests=true threadid=0 logtestlistenerevents=false formatter=org.apache.tools.ant.taskdefs.optional.junit.XMLJUnitResultFormatter,/home/sacusa/programs/java/workspace/ps2-tweets/.grader/TEST-twitter.staff.SocialNetworkTestRunner.xml crashfile=/home/sacusa/programs/java/workspace/ps2-tweets/.grader/junitvmwatcher4032102505243492391.properties propsfile=/home/sacusa/programs/java/workspace/ps2-tweets/.grader/junit1966832078611294244.properties" />
    <property name="java.class.path" value="/home/sacusa/programs/java/workspace/ps2-tweets/lib/junit-4.12.jar:/home/sacusa/programs/java/workspace/ps2-tweets/lib/hamcrest-core-1.3.jar:/home/sacusa/programs/java/workspace/ps2-tweets/.grader/bin-impls-staff-final:/home/sacusa/programs/java/workspace/ps2-tweets/.grader/bin-tests-student:/home/sacusa/.p2/pool/plugins/org.apache.ant_1.9.6.v201510161327/lib/ant-launcher.jar:/home/sacusa/.p2/pool/plugins/org.apache.ant_1.9.6.v201510161327/lib/ant.jar:/home/sacusa/.p2/pool/plugins/org.apache.ant_1.9.6.v201510161327/lib/ant-junit.jar:/home/sacusa/.p2/pool/plugins/org.apache.ant_1.9.6.v201510161327/lib/ant-junit4.jar" />
    <property name="ant.version" value="Apache Ant(TM) version 1.9.6 compiled on June 29 2015" />
    <property name="project.name" value="ps2-tweets" />
    <property name="java.vm.specification.name" value="Java Virtual Machine Specification" />
    <property name="java.vm.specification.version" value="1.8" />
    <property name="sun.cpu.endian" value="little" />
    <property name="didit.desc" value="Running your tests against our good and bad implementations" />
    <property name="sun.os.patch.level" value="unknown" />
    <property name="java.io.tmpdir" value="/tmp" />
    <property name="java.vendor.url.bug" value="http://bugreport.sun.com/bugreport/" />
    <property name="os.arch" value="amd64" />
    <property name="java.awt.graphicsenv" value="sun.awt.X11GraphicsEnvironment" />
    <property name="java.ext.dirs" value="/usr/lib/jvm/java-8-oracle/jre/lib/ext:/usr/java/packages/lib/ext" />
    <property name="user.dir" value="/home/sacusa/programs/java/workspace/ps2-tweets" />
    <property name="line.separator" value="&#xa;" />
    <property name="zipfile" value="my-submission.zip" />
    <property name="java.vm.name" value="Java HotSpot(TM) 64-Bit Server VM" />
    <property name="problem.set" value="ps2" />
    <property name="basedir" value="/home/sacusa/programs/java/workspace/ps2-tweets" />
    <property name="ant.java.version" value="1.8" />
    <property name="ant.core.lib" value="/home/sacusa/.p2/pool/plugins/org.apache.ant_1.9.6.v201510161327/lib/ant.jar" />
    <property name="file.encoding" value="UTF-8" />
    <property name="java.specification.version" value="1.8" />
    <property name="grader.dir" value=".grader" />
    <property name="ant.project.invoked-targets" value="all" />
  </properties>
  <testcase classname="twitter.staff.SocialNetworkTestRunner" name="yourTests_staffGoodImpl_guessFollowsGraphAlternatingCase" time="0.171" />
  <testcase classname="twitter.staff.SocialNetworkTestRunner" name="yourTests_staffGoodImpl_guessFollowsGraphReturnsEmptyNodes" time="0.007" />
  <testcase classname="twitter.staff.SocialNetworkTestRunner" name="yourTests_staffBadImpl_guessFollowsGraphCompleteGraphBug" time="0.008" />
  <testcase classname="twitter.staff.SocialNetworkTestRunner" name="yourTests_staffBadImpl_influencersMustBeCaseInsensitiveBug" time="0.006" />
  <testcase classname="twitter.staff.SocialNetworkTestRunner" name="yourTests_staffBadImpl_influencersReturnsFirstInRankOnlyBug" time="0.006" />
  <testcase classname="twitter.staff.SocialNetworkTestRunner" name="yourTests_staffGoodImpl_guessFollowsGraphReturnsNoEmptyNodes" time="0.006" />
  <testcase classname="twitter.staff.SocialNetworkTestRunner" name="yourTests_staffBadImpl_guessFollowsGraphFollowsInWrongDirectionBug" time="0.006" />
  <testcase classname="twitter.staff.SocialNetworkTestRunner" name="yourTests_staffBadImpl_guessFollowsGraphAddsNonExistentUsersBug" time="0.007" />
  <testcase classname="twitter.staff.SocialNetworkTestRunner" name="yourTests_staffGoodImpl_guessFollowsGraphBidirectionalFollowing" time="0.006" />
  <testcase classname="twitter.staff.SocialNetworkTestRunner" name="yourTests_staffGoodImpl_influencersSameRankArbitraryOrder1" time="0.006" />
  <testcase classname="twitter.staff.SocialNetworkTestRunner" name="yourTests_staffGoodImpl_influencersSameRankArbitraryOrder2" time="0.007" />
  <testcase classname="twitter.staff.SocialNetworkTestRunner" name="yourTests_staffBadImpl_guessFollowsGraphMustBeCaseInsensitiveBug" time="0.005" />
  <testcase classname="twitter.staff.SocialNetworkTestRunner" name="yourTests_staffBadImpl_guessFollowsGraphSelfMentionBug" time="0.005" />
  <testcase classname="twitter.staff.SocialNetworkTestRunner" name="yourTests_staffBadImpl_influencersPrunesEmptyNodesBug" time="0.005" />
  <system-out><![CDATA[]]></system-out>
  <system-err><![CDATA[]]></system-err>
</testsuite>
